Using pre-set license
Built from '2020.3/staging' branch; Version is '2020.3.32f1 (12f8b0834f07) revision 1243312'; Using compiler version '192528614'; Build Type 'Release'
OS: 'Windows 7  (6.1.0) 64bit Ultimate' Language: 'ru' Physical Memory: 3893 MB
BatchMode: 1, IsHumanControllingUs: 0, StartBugReporterOnCrash: 0, Is64bit: 1, IsPro: 0

COMMAND LINE ARGUMENTS:
C:\Program Files\Unity\Hub\Editor\2020.3.32f1\Editor\Unity.exe
-adb2
-batchMode
-noUpm
-name
AssetImportWorker0
-projectPath
C:/Projects/Unity/MyProjects/Test Works/Doodle Jump
-logFile
Logs/AssetImportWorker0.log
-srvPort
49474
Successfully changed project path to: C:/Projects/Unity/MyProjects/Test Works/Doodle Jump
C:/Projects/Unity/MyProjects/Test Works/Doodle Jump
Using Asset Import Pipeline V2.
Refreshing native plugins compatible for Editor in 103.80 ms, found 2 plugins.
Preloading 0 native plugins for Editor in 0.00 ms.
Initialize engine version: 2020.3.32f1 (12f8b0834f07)
[Subsystems] Discovering subsystems at path C:/Program Files/Unity/Hub/Editor/2020.3.32f1/Editor/Data/Resources/UnitySubsystems
[Subsystems] Discovering subsystems at path C:/Projects/Unity/MyProjects/Test Works/Doodle Jump/Assets
GfxDevice: creating device client; threaded=0
d3d11: CreateDXGIFactory2(...) not found, fallbacking to CreateDXGIFactory1(...).
d3d11: D3D_FEATURE_LEVEL_11_1 not-recognized (only 11.0 runtime installed?)
d3d11: QueryInterface(IDXGIFactory5) failed (80004002).
Direct3D:
    Version:  Direct3D 11.0 [level 10.0]
    Renderer: Intel(R) HD Graphics (ID=0x46)
    Vendor:   
    VRAM:     1632 MB
    Driver:   8.15.10.2993
Initialize mono
Mono path[0] = 'C:/Program Files/Unity/Hub/Editor/2020.3.32f1/Editor/Data/Managed'
Mono path[1] = 'C:/Program Files/Unity/Hub/Editor/2020.3.32f1/Editor/Data/MonoBleedingEdge/lib/mono/unityjit'
Mono config path = 'C:/Program Files/Unity/Hub/Editor/2020.3.32f1/Editor/Data/MonoBleedingEdge/etc'
Using monoOptions --debugger-agent=transport=dt_socket,embedding=1,server=y,suspend=n,address=127.0.0.1:56184
Begin MonoManager ReloadAssembly
Registering precompiled unity dll's ...
Register platform support module: C:/Program Files/Unity/Hub/Editor/2020.3.32f1/Editor/Data/PlaybackEngines/WebGLSupport/UnityEditor.WebGL.Extensions.dll
Register platform support module: C:/Program Files/Unity/Hub/Editor/2020.3.32f1/Editor/Data/PlaybackEngines/WindowsStandaloneSupport/UnityEditor.WindowsStandalone.Extensions.dll
Registered in 0.002344 seconds.
Native extension for WindowsStandalone target not found
Native extension for WebGL target not found
Refreshing native plugins compatible for Editor in 97.82 ms, found 2 plugins.
Preloading 0 native plugins for Editor in 0.00 ms.
Mono: successfully reloaded assembly
- Completed reload, in  1.289 seconds
Domain Reload Profiling:
	ReloadAssembly (1289ms)
		BeginReloadAssembly (126ms)
			ExecutionOrderSort (0ms)
			DisableScriptedObjects (0ms)
			BackupInstance (0ms)
			ReleaseScriptingObjects (0ms)
			CreateAndSetChildDomain (2ms)
		EndReloadAssembly (1021ms)
			LoadAssemblies (123ms)
			RebuildTransferFunctionScriptingTraits (0ms)
			SetupTypeCache (337ms)
			ReleaseScriptCaches (0ms)
			RebuildScriptCaches (69ms)
			SetupLoadedEditorAssemblies (390ms)
				LogAssemblyErrors (0ms)
				InitializePlatformSupportModulesInManaged (10ms)
				SetLoadedEditorAssemblies (1ms)
				RefreshPlugins (98ms)
				BeforeProcessingInitializeOnLoad (29ms)
				ProcessInitializeOnLoadAttributes (191ms)
				ProcessInitializeOnLoadMethodAttributes (60ms)
				AfterProcessingInitializeOnLoad (0ms)
				EditorAssembliesLoaded (0ms)
			ExecutionOrderSort2 (0ms)
			AwakeInstancesAfterBackupRestoration (0ms)
Platform modules already initialized, skipping
Registering precompiled user dll's ...
Registered in 0.003622 seconds.
Begin MonoManager ReloadAssembly
Native extension for WindowsStandalone target not found
Native extension for WebGL target not found
Refreshing native plugins compatible for Editor in 1.04 ms, found 2 plugins.
Preloading 0 native plugins for Editor in 0.00 ms.
Mono: successfully reloaded assembly
- Completed reload, in  2.259 seconds
Domain Reload Profiling:
	ReloadAssembly (2261ms)
		BeginReloadAssembly (309ms)
			ExecutionOrderSort (0ms)
			DisableScriptedObjects (14ms)
			BackupInstance (0ms)
			ReleaseScriptingObjects (0ms)
			CreateAndSetChildDomain (34ms)
		EndReloadAssembly (1829ms)
			LoadAssemblies (189ms)
			RebuildTransferFunctionScriptingTraits (0ms)
			SetupTypeCache (603ms)
			ReleaseScriptCaches (1ms)
			RebuildScriptCaches (136ms)
			SetupLoadedEditorAssemblies (702ms)
				LogAssemblyErrors (0ms)
				InitializePlatformSupportModulesInManaged (12ms)
				SetLoadedEditorAssemblies (1ms)
				RefreshPlugins (1ms)
				BeforeProcessingInitializeOnLoad (226ms)
				ProcessInitializeOnLoadAttributes (431ms)
				ProcessInitializeOnLoadMethodAttributes (20ms)
				AfterProcessingInitializeOnLoad (10ms)
				EditorAssembliesLoaded (1ms)
			ExecutionOrderSort2 (0ms)
			AwakeInstancesAfterBackupRestoration (15ms)
Platform modules already initialized, skipping
========================================================================
Worker process is ready to serve import requests
Launched and connected shader compiler UnityShaderCompiler.exe after 0.03 seconds
Refreshing native plugins compatible for Editor in 1.01 ms, found 2 plugins.
Preloading 0 native plugins for Editor in 0.00 ms.
Unloading 1815 Unused Serialized files (Serialized files now loaded: 0)
System memory in use before: 84.9 MB.
System memory in use after: 84.9 MB.

Unloading 17 unused Assets to reduce memory usage. Loaded Objects now: 2248.
Total: 6.479595 ms (FindLiveObjects: 0.332447 ms CreateObjectMapping: 0.142890 ms MarkObjects: 5.844048 ms  DeleteObjects: 0.156842 ms)

AssetImportParameters requested are different than current active one (requested -> active):
  custom:framework-win-MediaFoundation: 216162199b28c13a410421893ffa2e32 -> 
  custom:video-decoder-ogg-theora: a1e56fd34408186e4bbccfd4996cb3dc -> 
  custom:container-muxer-webm: aa71ff27fc2769a1b78a27578f13a17b -> 
  custom:container-demuxer-webm: 4f35f7cbe854078d1ac9338744f61a02 -> 
  custom:container-demuxer-ogg: 62fdf1f143b41e24485cea50d1cbac27 -> 
  custom:video-encoder-webm-vp8: eb34c28f22e8b96e1ab97ce403110664 -> 
  custom:video-decoder-webm-vp8: 9c59270c3fd7afecdb556c50c9e8de78 -> 
  custom:audio-decoder-ogg-vorbis: bf7c407c2cedff20999df2af8eb42d56 -> 
  custom:audio-encoder-webm-vorbis: bf7c407c2cedff20999df2af8eb42d56 -> 
========================================================================
Received Import Request.
  path: Assets/Sprites/high-scores-top@2x.png
  artifactKey: Guid(f19f60cbe49a51342a14a7f67f56d691) Importer(815301076,1909f56bfc062723c751e8b465ee728b)
Start importing Assets/Sprites/high-scores-top@2x.png using Guid(f19f60cbe49a51342a14a7f67f56d691) Importer(815301076,1909f56bfc062723c751e8b465ee728b)  -> (artifact id: 'f9db07a794e38effe530894859dbf52e') in 0.230867 seconds 
========================================================================
Received Import Request.
  Time since last request: 0.000370 seconds.
  path: Assets/Sprites/png-transparent-arrow-sketch-arrow-other-logo-monochrome-thumbnail.png
  artifactKey: Guid(ce4a05f616e90ab469ed93f38a180c09) Importer(815301076,1909f56bfc062723c751e8b465ee728b)
Start importing Assets/Sprites/png-transparent-arrow-sketch-arrow-other-logo-monochrome-thumbnail.png using Guid(ce4a05f616e90ab469ed93f38a180c09) Importer(815301076,1909f56bfc062723c751e8b465ee728b)  -> (artifact id: '2e2527f6767439ef593df9593b313326') in 0.066945 seconds 
========================================================================
Received Import Request.
  Time since last request: 0.000292 seconds.
  path: Assets/Sprites/top-score@2x.png
  artifactKey: Guid(e9144b6b636c3e74b9168e11d46e945e) Importer(815301076,1909f56bfc062723c751e8b465ee728b)
Start importing Assets/Sprites/top-score@2x.png using Guid(e9144b6b636c3e74b9168e11d46e945e) Importer(815301076,1909f56bfc062723c751e8b465ee728b)  -> (artifact id: 'e5fba8b705be5dbffb32b8bb9d5419e7') in 0.163684 seconds 
========================================================================
Received Import Request.
  Time since last request: 0.000350 seconds.
  path: Assets/Sprites/lik-right@2x.png
  artifactKey: Guid(483275f1d1bf9c84da90f2885b884538) Importer(815301076,1909f56bfc062723c751e8b465ee728b)
Start importing Assets/Sprites/lik-right@2x.png using Guid(483275f1d1bf9c84da90f2885b884538) Importer(815301076,1909f56bfc062723c751e8b465ee728b)  -> (artifact id: '23d7db37385a4d93184f9e24c4b9fe45') in 0.046119 seconds 
========================================================================
Received Import Request.
  Time since last request: 0.004858 seconds.
  path: Assets/Sprites/png-transparent-drawing-arrow-sketch-arrow-angle-rectangle-triangle.png
  artifactKey: Guid(b6782a5f4f23d064785d1d43b6e2bfb2) Importer(815301076,1909f56bfc062723c751e8b465ee728b)
Start importing Assets/Sprites/png-transparent-drawing-arrow-sketch-arrow-angle-rectangle-triangle.png using Guid(b6782a5f4f23d064785d1d43b6e2bfb2) Importer(815301076,1909f56bfc062723c751e8b465ee728b)  -> (artifact id: '45b2cd2b3e4f55abed51257208871546') in 0.094010 seconds 
========================================================================
Received Import Request.
  Time since last request: 0.000471 seconds.
  path: Assets/Sprites/game-tiles@2x.png
  artifactKey: Guid(38bc5a897d8634746ae9e66846b6faec) Importer(815301076,1909f56bfc062723c751e8b465ee728b)
Start importing Assets/Sprites/game-tiles@2x.png using Guid(38bc5a897d8634746ae9e66846b6faec) Importer(815301076,1909f56bfc062723c751e8b465ee728b)  -> (artifact id: '4c20352b69964e4a78cdddeb3aa38aa6') in 1.515263 seconds 
========================================================================
Received Import Request.
  Time since last request: 0.000314 seconds.
  path: Assets/Sprites/Новый проект (1).png
  artifactKey: Guid(262039253a36d944e9df42b0b434da29) Importer(815301076,1909f56bfc062723c751e8b465ee728b)
Start importing Assets/Sprites/Новый проект (1).png using Guid(262039253a36d944e9df42b0b434da29) Importer(815301076,1909f56bfc062723c751e8b465ee728b)  -> (artifact id: '7fd7ad99a5455840c4e0fa0bed3b61b0') in 0.079212 seconds 
========================================================================
Received Import Request.
  Time since last request: 0.000288 seconds.
  path: Assets/Sprites/loading-scores@2x.png
  artifactKey: Guid(82723826468c81145b798398625a9c75) Importer(815301076,1909f56bfc062723c751e8b465ee728b)
Start importing Assets/Sprites/loading-scores@2x.png using Guid(82723826468c81145b798398625a9c75) Importer(815301076,1909f56bfc062723c751e8b465ee728b)  -> (artifact id: '2b0c32299307987e986332d91779241a') in 0.091824 seconds 
========================================================================
Received Import Request.
  Time since last request: 0.000272 seconds.
  path: Assets/Sprites/menu-on@2x.png
  artifactKey: Guid(ae1eec7c8e530874cae5f6a51e8b6f4d) Importer(815301076,1909f56bfc062723c751e8b465ee728b)
Start importing Assets/Sprites/menu-on@2x.png using Guid(ae1eec7c8e530874cae5f6a51e8b6f4d) Importer(815301076,1909f56bfc062723c751e8b465ee728b)  -> (artifact id: 'd172787750446b8817534eccd9ac0a93') in 0.029086 seconds 
========================================================================
Received Import Request.
  Time since last request: 0.002851 seconds.
  path: Assets/Sprites/scores@2x.png
  artifactKey: Guid(93b94dc63a9fcd645b3c0e94ef20ddbd) Importer(815301076,1909f56bfc062723c751e8b465ee728b)
Start importing Assets/Sprites/scores@2x.png using Guid(93b94dc63a9fcd645b3c0e94ef20ddbd) Importer(815301076,1909f56bfc062723c751e8b465ee728b)  -> (artifact id: '3cae96babfd5514f7296ee2cdefe11b3') in 0.087960 seconds 
========================================================================
Received Import Request.
  Time since last request: 0.000282 seconds.
  path: Assets/Sprites/propeller@2x.png
  artifactKey: Guid(4342937be5f91c4498f30b4c73589cee) Importer(815301076,1909f56bfc062723c751e8b465ee728b)
Start importing Assets/Sprites/propeller@2x.png using Guid(4342937be5f91c4498f30b4c73589cee) Importer(815301076,1909f56bfc062723c751e8b465ee728b)  -> (artifact id: '44c5b70861216b6d1b4638659a1aea0b') in 0.102437 seconds 
========================================================================
Received Import Request.
  Time since last request: 0.000230 seconds.
  path: Assets/Sprites/submit-share@2x.png
  artifactKey: Guid(8e890ba3734f16b44aa1adba01083e0f) Importer(815301076,1909f56bfc062723c751e8b465ee728b)
Start importing Assets/Sprites/submit-share@2x.png using Guid(8e890ba3734f16b44aa1adba01083e0f) Importer(815301076,1909f56bfc062723c751e8b465ee728b)  -> (artifact id: '5d03ae810a779e7f232bf579650376ff') in 0.063397 seconds 
========================================================================
Received Import Request.
  Time since last request: 0.000481 seconds.
  path: Assets/Sprites/lik-right-odskok@2x.png
  artifactKey: Guid(b770d73d2da46094c995674a3316864a) Importer(815301076,1909f56bfc062723c751e8b465ee728b)
Start importing Assets/Sprites/lik-right-odskok@2x.png using Guid(b770d73d2da46094c995674a3316864a) Importer(815301076,1909f56bfc062723c751e8b465ee728b)  -> (artifact id: '811906aae1fa4bbb926f9fb82877f97a') in 0.063252 seconds 
========================================================================
Received Import Request.
  Time since last request: 0.000323 seconds.
  path: Assets/Sprites/soccer-top-score@2x.png
  artifactKey: Guid(6012caf58a1cf0e40b1b5f089c2dd9b2) Importer(815301076,1909f56bfc062723c751e8b465ee728b)
Start importing Assets/Sprites/soccer-top-score@2x.png using Guid(6012caf58a1cf0e40b1b5f089c2dd9b2) Importer(815301076,1909f56bfc062723c751e8b465ee728b)  -> (artifact id: '247a5e70ad0f58c7a496c4316c3415d3') in 0.207463 seconds 
========================================================================
Received Import Request.
  Time since last request: 0.000340 seconds.
  path: Assets/Sprites/play-on@2x.png
  artifactKey: Guid(1dcbfb2afbcd73146a900975e31385ac) Importer(815301076,1909f56bfc062723c751e8b465ee728b)
Start importing Assets/Sprites/play-on@2x.png using Guid(1dcbfb2afbcd73146a900975e31385ac) Importer(815301076,1909f56bfc062723c751e8b465ee728b)  -> (artifact id: '1c22589cfe05790a951e9be5cc0d5d5a') in 0.028607 seconds 
========================================================================
Received Import Request.
  Time since last request: 0.001047 seconds.
  path: Assets/Sprites/submit-share-on@2x.png
  artifactKey: Guid(885a6c3b82c2d674f8716002380f1094) Importer(815301076,1909f56bfc062723c751e8b465ee728b)
Start importing Assets/Sprites/submit-share-on@2x.png using Guid(885a6c3b82c2d674f8716002380f1094) Importer(815301076,1909f56bfc062723c751e8b465ee728b)  -> (artifact id: '6a5d76d06cb507a586d9de0adf63d530') in 0.100031 seconds 
========================================================================
Received Import Request.
  Time since last request: 0.000286 seconds.
  path: Assets/Sprites/play-again-on@2x.png
  artifactKey: Guid(a464768c962e2684fab5ec399bafc5de) Importer(815301076,1909f56bfc062723c751e8b465ee728b)
Start importing Assets/Sprites/play-again-on@2x.png using Guid(a464768c962e2684fab5ec399bafc5de) Importer(815301076,1909f56bfc062723c751e8b465ee728b)  -> (artifact id: 'b09f928db4bad3d11899c1c9f412fe53') in 0.120276 seconds 
========================================================================
Received Import Request.
  Time since last request: 0.023797 seconds.
  path: Assets/Sprites/submit@2x.png
  artifactKey: Guid(d62e02a2134907c47bca39437623293d) Importer(815301076,1909f56bfc062723c751e8b465ee728b)
Start importing Assets/Sprites/submit@2x.png using Guid(d62e02a2134907c47bca39437623293d) Importer(815301076,1909f56bfc062723c751e8b465ee728b)  -> (artifact id: '70ace9e525353f418c5df792423a3456') in 0.070571 seconds 
========================================================================
Received Import Request.
  Time since last request: 0.000357 seconds.
  path: Assets/Sprites/scores-on@2x.png
  artifactKey: Guid(eedf374bd1d6ec8439f0374baa720011) Importer(815301076,1909f56bfc062723c751e8b465ee728b)
Start importing Assets/Sprites/scores-on@2x.png using Guid(eedf374bd1d6ec8439f0374baa720011) Importer(815301076,1909f56bfc062723c751e8b465ee728b)  -> (artifact id: 'd4762c43c9422debdbd635bb973cb823') in 0.082203 seconds 
========================================================================
Received Import Request.
  Time since last request: 0.000267 seconds.
  path: Assets/Sprites/pngwing.com (2).png
  artifactKey: Guid(98d4caffdf136c441a29b474ba50ddb5) Importer(815301076,1909f56bfc062723c751e8b465ee728b)
Start importing Assets/Sprites/pngwing.com (2).png using Guid(98d4caffdf136c441a29b474ba50ddb5) Importer(815301076,1909f56bfc062723c751e8b465ee728b)  -> (artifact id: 'e12738ed750ddeb4c03469ca52cb6cb2') in 0.094951 seconds 
========================================================================
Received Import Request.
  Time since last request: 0.000331 seconds.
  path: Assets/Sprites/high-scores-left@2x.png
  artifactKey: Guid(b031b714f18d47c40a2f938676edf776) Importer(815301076,1909f56bfc062723c751e8b465ee728b)
Start importing Assets/Sprites/high-scores-left@2x.png using Guid(b031b714f18d47c40a2f938676edf776) Importer(815301076,1909f56bfc062723c751e8b465ee728b)  -> (artifact id: '2aa2d2b96aadc3d50d7645a1c39316c4') in 0.087716 seconds 
========================================================================
Received Import Request.
  Time since last request: 0.000438 seconds.
  path: Assets/Sprites/png-transparent-black-arrow-illustration-drawing-arrow-sketch-sketch-angle-photography-monochrome.png
  artifactKey: Guid(2b2b3d7eb43cacf4ba509299cea1ef59) Importer(815301076,1909f56bfc062723c751e8b465ee728b)
Start importing Assets/Sprites/png-transparent-black-arrow-illustration-drawing-arrow-sketch-sketch-angle-photography-monochrome.png using Guid(2b2b3d7eb43cacf4ba509299cea1ef59) Importer(815301076,1909f56bfc062723c751e8b465ee728b)  -> (artifact id: '4ee0f2ee45513a26859396da5933588d') in 0.111634 seconds 
========================================================================
Received Import Request.
  Time since last request: 0.002146 seconds.
  path: Assets/Sprites/submit-on@2x.png
  artifactKey: Guid(89f6bf70164d5864d986bda76b9d28f6) Importer(815301076,1909f56bfc062723c751e8b465ee728b)
Start importing Assets/Sprites/submit-on@2x.png using Guid(89f6bf70164d5864d986bda76b9d28f6) Importer(815301076,1909f56bfc062723c751e8b465ee728b)  -> (artifact id: '9b7a9909fc9cb20193b06f49ab859362') in 0.082890 seconds 
========================================================================
Received Import Request.
  Time since last request: 0.000288 seconds.
  path: Assets/Sprites/high-scores-bottom@2x.png
  artifactKey: Guid(64b18d0273a1e0742bda83a16191921f) Importer(815301076,1909f56bfc062723c751e8b465ee728b)
Start importing Assets/Sprites/high-scores-bottom@2x.png using Guid(64b18d0273a1e0742bda83a16191921f) Importer(815301076,1909f56bfc062723c751e8b465ee728b)  -> (artifact id: '35a082bf2c4e177f307b9095af7259f2') in 0.074731 seconds 
========================================================================
Received Import Request.
  Time since last request: 0.000288 seconds.
  path: Assets/Sprites/play@2x.png
  artifactKey: Guid(2220849df62636942b640ea65bf45e67) Importer(815301076,1909f56bfc062723c751e8b465ee728b)
Start importing Assets/Sprites/play@2x.png using Guid(2220849df62636942b640ea65bf45e67) Importer(815301076,1909f56bfc062723c751e8b465ee728b)  -> (artifact id: 'eb282a53dc4f802eeabede65959fbe98') in 0.062752 seconds 
========================================================================
Received Import Request.
  Time since last request: 0.000192 seconds.
  path: Assets/Sprites/start-end-tiles@2x.png
  artifactKey: Guid(242fee77c5ad3794c8215ee8fa1d5d1d) Importer(815301076,1909f56bfc062723c751e8b465ee728b)
Start importing Assets/Sprites/start-end-tiles@2x.png using Guid(242fee77c5ad3794c8215ee8fa1d5d1d) Importer(815301076,1909f56bfc062723c751e8b465ee728b)  -> (artifact id: '7b7e5a589ff00df1c7ca6f94b234a5da') in 0.210895 seconds 
========================================================================
Received Import Request.
  Time since last request: 0.000466 seconds.
  path: Assets/Sprites/pngwing.com (3).png
  artifactKey: Guid(c9bae28c8bad86141bbb78a6a45d1bbf) Importer(815301076,1909f56bfc062723c751e8b465ee728b)
Start importing Assets/Sprites/pngwing.com (3).png using Guid(c9bae28c8bad86141bbb78a6a45d1bbf) Importer(815301076,1909f56bfc062723c751e8b465ee728b)  -> (artifact id: 'ec6d9850c853638bbc69224d8cc8444f') in 0.230798 seconds 
========================================================================
Received Import Request.
  Time since last request: 0.000311 seconds.
  path: Assets/Sprites/pngwing.com (1).png
  artifactKey: Guid(7ce7ec76a94c20342b459a7793548380) Importer(815301076,1909f56bfc062723c751e8b465ee728b)
Start importing Assets/Sprites/pngwing.com (1).png using Guid(7ce7ec76a94c20342b459a7793548380) Importer(815301076,1909f56bfc062723c751e8b465ee728b)  -> (artifact id: 'd7920242b026e8af54e41ca08f2128cb') in 0.082405 seconds 
========================================================================
Received Import Request.
  Time since last request: 0.000275 seconds.
  path: Assets/Sprites/pngwing.com.png
  artifactKey: Guid(a09d000117428224e981dd6e0a4a4fcf) Importer(815301076,1909f56bfc062723c751e8b465ee728b)
Start importing Assets/Sprites/pngwing.com.png using Guid(a09d000117428224e981dd6e0a4a4fcf) Importer(815301076,1909f56bfc062723c751e8b465ee728b)  -> (artifact id: '52d23f3e3a6ba761b3e4e314b7e6324c') in 0.129201 seconds 
========================================================================
Received Import Request.
  Time since last request: 0.000345 seconds.
  path: Assets/Sprites/springshoes-side@2x.png
  artifactKey: Guid(0384d10a8731042488823cfbb0714b43) Importer(815301076,1909f56bfc062723c751e8b465ee728b)
Start importing Assets/Sprites/springshoes-side@2x.png using Guid(0384d10a8731042488823cfbb0714b43) Importer(815301076,1909f56bfc062723c751e8b465ee728b)  -> (artifact id: 'd0672318ac0c432af87f3801096ac445') in 0.112299 seconds 
========================================================================
Received Import Request.
  Time since last request: 0.000304 seconds.
  path: Assets/Sprites/Новый проект.png
  artifactKey: Guid(18afbfceff3867b4da932d566c156631) Importer(815301076,1909f56bfc062723c751e8b465ee728b)
Start importing Assets/Sprites/Новый проект.png using Guid(18afbfceff3867b4da932d566c156631) Importer(815301076,1909f56bfc062723c751e8b465ee728b)  -> (artifact id: 'a93c2e06479f40ba842bbf00cde73473') in 0.081916 seconds 
========================================================================
Received Prepare
Refreshing native plugins compatible for Editor in 4.89 ms, found 2 plugins.
Preloading 0 native plugins for Editor in 0.00 ms.
Unloading 10 Unused Serialized files (Serialized files now loaded: 0)
System memory in use before: 52.8 MB.
System memory in use after: 52.9 MB.

Unloading 10 unused Assets to reduce memory usage. Loaded Objects now: 2605.
Total: 6.903453 ms (FindLiveObjects: 0.400765 ms CreateObjectMapping: 0.148663 ms MarkObjects: 6.233266 ms  DeleteObjects: 0.118353 ms)

AssetImportParameters requested are different than current active one (requested -> active):
  custom:framework-win-MediaFoundation: 216162199b28c13a410421893ffa2e32 -> 
  custom:video-decoder-ogg-theora: a1e56fd34408186e4bbccfd4996cb3dc -> 
  custom:container-muxer-webm: aa71ff27fc2769a1b78a27578f13a17b -> 
  custom:container-demuxer-webm: 4f35f7cbe854078d1ac9338744f61a02 -> 
  custom:container-demuxer-ogg: 62fdf1f143b41e24485cea50d1cbac27 -> 
  custom:video-encoder-webm-vp8: eb34c28f22e8b96e1ab97ce403110664 -> 
  custom:video-decoder-webm-vp8: 9c59270c3fd7afecdb556c50c9e8de78 -> 
  custom:audio-decoder-ogg-vorbis: bf7c407c2cedff20999df2af8eb42d56 -> 
  custom:audio-encoder-webm-vorbis: bf7c407c2cedff20999df2af8eb42d56 -> 
========================================================================
Received Prepare
Registering precompiled user dll's ...
Registered in 0.003690 seconds.
Begin MonoManager ReloadAssembly
Native extension for WindowsStandalone target not found
Native extension for WebGL target not found
Refreshing native plugins compatible for Editor in 1.17 ms, found 2 plugins.
Preloading 0 native plugins for Editor in 0.00 ms.
Mono: successfully reloaded assembly
- Completed reload, in  4.027 seconds
Domain Reload Profiling:
	ReloadAssembly (4039ms)
		BeginReloadAssembly (807ms)
			ExecutionOrderSort (0ms)
			DisableScriptedObjects (111ms)
			BackupInstance (0ms)
			ReleaseScriptingObjects (0ms)
			CreateAndSetChildDomain (360ms)
		EndReloadAssembly (3086ms)
			LoadAssemblies (287ms)
			RebuildTransferFunctionScriptingTraits (0ms)
			SetupTypeCache (742ms)
			ReleaseScriptCaches (2ms)
			RebuildScriptCaches (97ms)
			SetupLoadedEditorAssemblies (1724ms)
				LogAssemblyErrors (0ms)
				InitializePlatformSupportModulesInManaged (13ms)
				SetLoadedEditorAssemblies (3ms)
				RefreshPlugins (1ms)
				BeforeProcessingInitializeOnLoad (250ms)
				ProcessInitializeOnLoadAttributes (1420ms)
				ProcessInitializeOnLoadMethodAttributes (26ms)
				AfterProcessingInitializeOnLoad (10ms)
				EditorAssembliesLoaded (1ms)
			ExecutionOrderSort2 (0ms)
			AwakeInstancesAfterBackupRestoration (28ms)
Platform modules already initialized, skipping
Switching build target platform(19) subTarget(0) extendedPlatform(0) -> platform(13) subTarget(537395200) extendedPlatform(0)
Refreshing native plugins compatible for Editor in 5.16 ms, found 2 plugins.
Preloading 0 native plugins for Editor in 0.00 ms.
Unloading 1812 Unused Serialized files (Serialized files now loaded: 0)
System memory in use before: 88.4 MB.
System memory in use after: 88.5 MB.

Unloading 12 unused Assets to reduce memory usage. Loaded Objects now: 2608.
Total: 29.687880 ms (FindLiveObjects: 0.434924 ms CreateObjectMapping: 0.152031 ms MarkObjects: 25.610469 ms  DeleteObjects: 3.486126 ms)

AssetImportParameters requested are different than current active one (requested -> active):
  custom:framework-win-MediaFoundation: 216162199b28c13a410421893ffa2e32 -> 
  custom:video-decoder-ogg-theora: a1e56fd34408186e4bbccfd4996cb3dc -> 
  custom:container-muxer-webm: aa71ff27fc2769a1b78a27578f13a17b -> 
  custom:container-demuxer-webm: 4f35f7cbe854078d1ac9338744f61a02 -> 
  custom:container-demuxer-ogg: 62fdf1f143b41e24485cea50d1cbac27 -> 
  custom:video-encoder-webm-vp8: eb34c28f22e8b96e1ab97ce403110664 -> 
  custom:video-decoder-webm-vp8: 9c59270c3fd7afecdb556c50c9e8de78 -> 
  custom:graphics/normal-map-encoding: 01000000000000000000000000000000 -> 02000000000000000000000000000000
  custom:audio-decoder-ogg-vorbis: bf7c407c2cedff20999df2af8eb42d56 -> 
  custom:audio-encoder-webm-vorbis: bf7c407c2cedff20999df2af8eb42d56 -> 
========================================================================
Received Prepare
Registering precompiled user dll's ...
Registered in 0.003657 seconds.
Begin MonoManager ReloadAssembly
Native extension for WindowsStandalone target not found
Native extension for WebGL target not found
Refreshing native plugins compatible for Editor in 1.05 ms, found 2 plugins.
Preloading 0 native plugins for Editor in 0.00 ms.
Mono: successfully reloaded assembly
- Completed reload, in  2.459 seconds
Domain Reload Profiling:
	ReloadAssembly (2460ms)
		BeginReloadAssembly (223ms)
			ExecutionOrderSort (0ms)
			DisableScriptedObjects (11ms)
			BackupInstance (0ms)
			ReleaseScriptingObjects (0ms)
			CreateAndSetChildDomain (57ms)
		EndReloadAssembly (2087ms)
			LoadAssemblies (215ms)
			RebuildTransferFunctionScriptingTraits (0ms)
			SetupTypeCache (759ms)
			ReleaseScriptCaches (2ms)
			RebuildScriptCaches (218ms)
			SetupLoadedEditorAssemblies (689ms)
				LogAssemblyErrors (0ms)
				InitializePlatformSupportModulesInManaged (11ms)
				SetLoadedEditorAssemblies (1ms)
				RefreshPlugins (1ms)
				BeforeProcessingInitializeOnLoad (198ms)
				ProcessInitializeOnLoadAttributes (449ms)
				ProcessInitializeOnLoadMethodAttributes (20ms)
				AfterProcessingInitializeOnLoad (7ms)
				EditorAssembliesLoaded (1ms)
			ExecutionOrderSort2 (0ms)
			AwakeInstancesAfterBackupRestoration (17ms)
Platform modules already initialized, skipping
Switching build target platform(19) subTarget(0) extendedPlatform(0) -> platform(13) subTarget(537395200) extendedPlatform(0)
Refreshing native plugins compatible for Editor in 1.54 ms, found 2 plugins.
Preloading 0 native plugins for Editor in 0.00 ms.
Unloading 1812 Unused Serialized files (Serialized files now loaded: 0)
System memory in use before: 88.4 MB.
System memory in use after: 88.5 MB.

Unloading 12 unused Assets to reduce memory usage. Loaded Objects now: 2611.
Total: 8.300598 ms (FindLiveObjects: 0.426264 ms CreateObjectMapping: 0.149625 ms MarkObjects: 7.593365 ms  DeleteObjects: 0.128938 ms)

AssetImportParameters requested are different than current active one (requested -> active):
  custom:framework-win-MediaFoundation: 216162199b28c13a410421893ffa2e32 -> 
  custom:video-decoder-ogg-theora: a1e56fd34408186e4bbccfd4996cb3dc -> 
  custom:container-muxer-webm: aa71ff27fc2769a1b78a27578f13a17b -> 
  custom:container-demuxer-webm: 4f35f7cbe854078d1ac9338744f61a02 -> 
  custom:container-demuxer-ogg: 62fdf1f143b41e24485cea50d1cbac27 -> 
  custom:video-encoder-webm-vp8: eb34c28f22e8b96e1ab97ce403110664 -> 
  custom:video-decoder-webm-vp8: 9c59270c3fd7afecdb556c50c9e8de78 -> 
  custom:graphics/normal-map-encoding: 01000000000000000000000000000000 -> 02000000000000000000000000000000
  custom:audio-decoder-ogg-vorbis: bf7c407c2cedff20999df2af8eb42d56 -> 
  custom:audio-encoder-webm-vorbis: bf7c407c2cedff20999df2af8eb42d56 -> 
========================================================================
Received Prepare
Registering precompiled user dll's ...
Registered in 0.003727 seconds.
Begin MonoManager ReloadAssembly
Native extension for WindowsStandalone target not found
Native extension for WebGL target not found
Refreshing native plugins compatible for Editor in 1.04 ms, found 2 plugins.
Preloading 0 native plugins for Editor in 0.00 ms.
Mono: successfully reloaded assembly
- Completed reload, in  2.590 seconds
Domain Reload Profiling:
	ReloadAssembly (2591ms)
		BeginReloadAssembly (233ms)
			ExecutionOrderSort (0ms)
			DisableScriptedObjects (10ms)
			BackupInstance (0ms)
			ReleaseScriptingObjects (0ms)
			CreateAndSetChildDomain (63ms)
		EndReloadAssembly (2233ms)
			LoadAssemblies (230ms)
			RebuildTransferFunctionScriptingTraits (0ms)
			SetupTypeCache (717ms)
			ReleaseScriptCaches (2ms)
			RebuildScriptCaches (215ms)
			SetupLoadedEditorAssemblies (711ms)
				LogAssemblyErrors (0ms)
				InitializePlatformSupportModulesInManaged (11ms)
				SetLoadedEditorAssemblies (2ms)
				RefreshPlugins (1ms)
				BeforeProcessingInitializeOnLoad (216ms)
				ProcessInitializeOnLoadAttributes (454ms)
				ProcessInitializeOnLoadMethodAttributes (19ms)
				AfterProcessingInitializeOnLoad (7ms)
				EditorAssembliesLoaded (0ms)
			ExecutionOrderSort2 (0ms)
			AwakeInstancesAfterBackupRestoration (16ms)
Platform modules already initialized, skipping
Switching build target platform(19) subTarget(0) extendedPlatform(0) -> platform(13) subTarget(537395200) extendedPlatform(0)
Refreshing native plugins compatible for Editor in 1.66 ms, found 2 plugins.
Preloading 0 native plugins for Editor in 0.00 ms.
Unloading 1812 Unused Serialized files (Serialized files now loaded: 0)
System memory in use before: 88.5 MB.
System memory in use after: 88.6 MB.

Unloading 12 unused Assets to reduce memory usage. Loaded Objects now: 2614.
Total: 7.753575 ms (FindLiveObjects: 0.394029 ms CreateObjectMapping: 0.147220 ms MarkObjects: 7.071842 ms  DeleteObjects: 0.137116 ms)

AssetImportParameters requested are different than current active one (requested -> active):
  custom:framework-win-MediaFoundation: 216162199b28c13a410421893ffa2e32 -> 
  custom:video-decoder-ogg-theora: a1e56fd34408186e4bbccfd4996cb3dc -> 
  custom:container-muxer-webm: aa71ff27fc2769a1b78a27578f13a17b -> 
  custom:container-demuxer-webm: 4f35f7cbe854078d1ac9338744f61a02 -> 
  custom:container-demuxer-ogg: 62fdf1f143b41e24485cea50d1cbac27 -> 
  custom:video-encoder-webm-vp8: eb34c28f22e8b96e1ab97ce403110664 -> 
  custom:video-decoder-webm-vp8: 9c59270c3fd7afecdb556c50c9e8de78 -> 
  custom:graphics/normal-map-encoding: 01000000000000000000000000000000 -> 02000000000000000000000000000000
  custom:audio-decoder-ogg-vorbis: bf7c407c2cedff20999df2af8eb42d56 -> 
  custom:audio-encoder-webm-vorbis: bf7c407c2cedff20999df2af8eb42d56 -> 
========================================================================
Received Prepare
Registering precompiled user dll's ...
Registered in 0.007370 seconds.
Begin MonoManager ReloadAssembly
Native extension for WindowsStandalone target not found
Native extension for WebGL target not found
Refreshing native plugins compatible for Editor in 1.07 ms, found 2 plugins.
Preloading 0 native plugins for Editor in 0.00 ms.
Mono: successfully reloaded assembly
- Completed reload, in  5.200 seconds
Domain Reload Profiling:
	ReloadAssembly (5202ms)
		BeginReloadAssembly (398ms)
			ExecutionOrderSort (0ms)
			DisableScriptedObjects (27ms)
			BackupInstance (0ms)
			ReleaseScriptingObjects (0ms)
			CreateAndSetChildDomain (87ms)
		EndReloadAssembly (4621ms)
			LoadAssemblies (2087ms)
			RebuildTransferFunctionScriptingTraits (0ms)
			SetupTypeCache (1052ms)
			ReleaseScriptCaches (2ms)
			RebuildScriptCaches (321ms)
			SetupLoadedEditorAssemblies (915ms)
				LogAssemblyErrors (0ms)
				InitializePlatformSupportModulesInManaged (12ms)
				SetLoadedEditorAssemblies (1ms)
				RefreshPlugins (1ms)
				BeforeProcessingInitializeOnLoad (424ms)
				ProcessInitializeOnLoadAttributes (447ms)
				ProcessInitializeOnLoadMethodAttributes (23ms)
				AfterProcessingInitializeOnLoad (7ms)
				EditorAssembliesLoaded (1ms)
			ExecutionOrderSort2 (0ms)
			AwakeInstancesAfterBackupRestoration (16ms)
Platform modules already initialized, skipping
Switching build target platform(19) subTarget(0) extendedPlatform(0) -> platform(13) subTarget(537395200) extendedPlatform(0)
Refreshing native plugins compatible for Editor in 1.67 ms, found 2 plugins.
Preloading 0 native plugins for Editor in 0.00 ms.
Unloading 1812 Unused Serialized files (Serialized files now loaded: 0)
System memory in use before: 88.5 MB.
System memory in use after: 88.6 MB.

Unloading 12 unused Assets to reduce memory usage. Loaded Objects now: 2617.
Total: 7.105520 ms (FindLiveObjects: 0.411349 ms CreateObjectMapping: 0.149625 ms MarkObjects: 6.408391 ms  DeleteObjects: 0.133268 ms)

AssetImportParameters requested are different than current active one (requested -> active):
  custom:framework-win-MediaFoundation: 216162199b28c13a410421893ffa2e32 -> 
  custom:video-decoder-ogg-theora: a1e56fd34408186e4bbccfd4996cb3dc -> 
  custom:container-muxer-webm: aa71ff27fc2769a1b78a27578f13a17b -> 
  custom:container-demuxer-webm: 4f35f7cbe854078d1ac9338744f61a02 -> 
  custom:container-demuxer-ogg: 62fdf1f143b41e24485cea50d1cbac27 -> 
  custom:video-encoder-webm-vp8: eb34c28f22e8b96e1ab97ce403110664 -> 
  custom:video-decoder-webm-vp8: 9c59270c3fd7afecdb556c50c9e8de78 -> 
  custom:graphics/normal-map-encoding: 01000000000000000000000000000000 -> 02000000000000000000000000000000
  custom:audio-decoder-ogg-vorbis: bf7c407c2cedff20999df2af8eb42d56 -> 
  custom:audio-encoder-webm-vorbis: bf7c407c2cedff20999df2af8eb42d56 -> 
========================================================================
Received Prepare
Refreshing native plugins compatible for Editor in 12.14 ms, found 2 plugins.
Preloading 0 native plugins for Editor in 0.00 ms.
Unloading 10 Unused Serialized files (Serialized files now loaded: 0)
System memory in use before: 52.7 MB.
System memory in use after: 52.8 MB.

Unloading 10 unused Assets to reduce memory usage. Loaded Objects now: 2617.
Total: 6.714858 ms (FindLiveObjects: 0.389218 ms CreateObjectMapping: 0.150588 ms MarkObjects: 6.042266 ms  DeleteObjects: 0.130381 ms)

AssetImportParameters requested are different than current active one (requested -> active):
  custom:framework-win-MediaFoundation: 216162199b28c13a410421893ffa2e32 -> 
  custom:video-decoder-ogg-theora: a1e56fd34408186e4bbccfd4996cb3dc -> 
  custom:container-muxer-webm: aa71ff27fc2769a1b78a27578f13a17b -> 
  custom:container-demuxer-webm: 4f35f7cbe854078d1ac9338744f61a02 -> 
  custom:container-demuxer-ogg: 62fdf1f143b41e24485cea50d1cbac27 -> 
  custom:video-encoder-webm-vp8: eb34c28f22e8b96e1ab97ce403110664 -> 
  custom:video-decoder-webm-vp8: 9c59270c3fd7afecdb556c50c9e8de78 -> 
  custom:audio-decoder-ogg-vorbis: bf7c407c2cedff20999df2af8eb42d56 -> 
  custom:audio-encoder-webm-vorbis: bf7c407c2cedff20999df2af8eb42d56 -> 
========================================================================
Received Prepare
Registering precompiled user dll's ...
Registered in 0.021524 seconds.
Begin MonoManager ReloadAssembly
Native extension for WindowsStandalone target not found
Native extension for WebGL target not found
Refreshing native plugins compatible for Editor in 1.08 ms, found 2 plugins.
Preloading 0 native plugins for Editor in 0.00 ms.
Mono: successfully reloaded assembly
- Completed reload, in  2.337 seconds
Domain Reload Profiling:
	ReloadAssembly (2339ms)
		BeginReloadAssembly (352ms)
			ExecutionOrderSort (0ms)
			DisableScriptedObjects (17ms)
			BackupInstance (0ms)
			ReleaseScriptingObjects (0ms)
			CreateAndSetChildDomain (71ms)
		EndReloadAssembly (1837ms)
			LoadAssemblies (395ms)
			RebuildTransferFunctionScriptingTraits (0ms)
			SetupTypeCache (596ms)
			ReleaseScriptCaches (2ms)
			RebuildScriptCaches (90ms)
			SetupLoadedEditorAssemblies (636ms)
				LogAssemblyErrors (0ms)
				InitializePlatformSupportModulesInManaged (11ms)
				SetLoadedEditorAssemblies (1ms)
				RefreshPlugins (1ms)
				BeforeProcessingInitializeOnLoad (196ms)
				ProcessInitializeOnLoadAttributes (398ms)
				ProcessInitializeOnLoadMethodAttributes (22ms)
				AfterProcessingInitializeOnLoad (6ms)
				EditorAssembliesLoaded (0ms)
			ExecutionOrderSort2 (0ms)
			AwakeInstancesAfterBackupRestoration (15ms)
Platform modules already initialized, skipping
Switching build target platform(19) subTarget(0) extendedPlatform(0) -> platform(13) subTarget(537395200) extendedPlatform(0)
Refreshing native plugins compatible for Editor in 1.32 ms, found 2 plugins.
Preloading 0 native plugins for Editor in 0.00 ms.
Unloading 1812 Unused Serialized files (Serialized files now loaded: 0)
System memory in use before: 88.5 MB.
System memory in use after: 88.6 MB.

Unloading 12 unused Assets to reduce memory usage. Loaded Objects now: 2620.
Total: 7.523123 ms (FindLiveObjects: 0.397878 ms CreateObjectMapping: 0.148663 ms MarkObjects: 6.710528 ms  DeleteObjects: 0.263167 ms)

AssetImportParameters requested are different than current active one (requested -> active):
  custom:framework-win-MediaFoundation: 216162199b28c13a410421893ffa2e32 -> 
  custom:video-decoder-ogg-theora: a1e56fd34408186e4bbccfd4996cb3dc -> 
  custom:container-muxer-webm: aa71ff27fc2769a1b78a27578f13a17b -> 
  custom:container-demuxer-webm: 4f35f7cbe854078d1ac9338744f61a02 -> 
  custom:container-demuxer-ogg: 62fdf1f143b41e24485cea50d1cbac27 -> 
  custom:video-encoder-webm-vp8: eb34c28f22e8b96e1ab97ce403110664 -> 
  custom:video-decoder-webm-vp8: 9c59270c3fd7afecdb556c50c9e8de78 -> 
  custom:graphics/normal-map-encoding: 01000000000000000000000000000000 -> 02000000000000000000000000000000
  custom:audio-decoder-ogg-vorbis: bf7c407c2cedff20999df2af8eb42d56 -> 
  custom:audio-encoder-webm-vorbis: bf7c407c2cedff20999df2af8eb42d56 -> 
AssetImportWorkerClient::OnTransportError - code=2 error=End of file
